HTTP/2 200 
cache-control: max-age=300
content-security-policy: default-src 'none'; style-src 'unsafe-inline'; sandbox
content-type: text/plain; charset=utf-8
etag: "0e3b04de0e6851244c04f4ad447a5fcd50d0f7695f054b9070e3cbdab9dea3fa"
strict-transport-security: max-age=31536000
x-content-type-options: nosniff
x-frame-options: deny
x-xss-protection: 1; mode=block
x-github-request-id: B0C0:CDF76:DD9D0C:FB148B:69ADE454
accept-ranges: bytes
date: Sun, 08 Mar 2026 21:04:46 GMT
via: 1.1 varnish
x-served-by: cache-fra-eddf8230059-FRA
x-cache: HIT
x-cache-hits: 1
x-timer: S1773003886.425652,VS0,VE1
vary: Authorization,Accept-Encoding
access-control-allow-origin: *
cross-origin-resource-policy: cross-origin
x-fastly-request-id: 4260e983ea0326488cb887fcefb619b9b76d64bc
expires: Sun, 08 Mar 2026 21:09:46 GMT
source-age: 26
content-length: 62

